Arguments: 
  C:\Program Files\nodejs\node.exe C:\Program Files (x86)\Yarn\bin\yarn.js add styled-components

PATH: 
  C:\Program Files\Git\mingw64\bin;C:\Program Files\Git\usr\bin;C:\Users\bagov\bin;C:\ProgramData\Oracle\Java\javapath;C:\WINDOWS\system32;C:\WINDOWS;C:\WINDOWS\System32\Wbem;C:\WINDOWS\System32\WindowsPowerShell\v1.0;C:\Program Files\Git\cmd;C:\Program Files (x86)\Heroku\bin;C:\Program Files (x86)\git\cmd;C:\Program Files (x86)\Git\cmd;C:\Program Files\nodejs;C:\Program Files (x86)\Yarn\bin;C:\Users\bagov\AppData\Local\Microsoft\WindowsApps;C:\Users\bagov\AppData\Local\atom\bin;C:\Program Files (x86)\Microsoft VS Code\bin;C:\Users\bagov\AppData\Local\Microsoft\WindowsApps;C:\Users\bagov\AppData\Roaming\npm;C:\Users\bagov\AppData\Local\Yarn\bin

Yarn version: 
  1.0.2

Node version: 
  6.11.3

Platform: 
  win32 x64

npm manifest: 
  {
    "name": "react-redux-table",
    "version": "1.0.0",
    "description": "",
    "main": "index.js",
    "scripts": {
      "test": "echo \"Error: no test specified\" && exit 1",
      "build": "webpack",
      "start": "webpack-dev-server --progress"
    },
    "repository": {
      "type": "git",
      "url": "git+https://github.com/KarovInal/react-redux-table.git"
    },
    "keywords": [],
    "author": "",
    "license": "ISC",
    "bugs": {
      "url": "https://github.com/KarovInal/react-redux-table/issues"
    },
    "homepage": "https://github.com/KarovInal/react-redux-table#readme",
    "dependencies": {
      "react": "^16.0.0",
      "react-dom": "^16.0.0"
    },
    "devDependencies": {
      "babel-core": "^6.26.0",
      "babel-loader": "^7.1.2",
      "babel-preset-es2015": "^6.24.1",
      "babel-preset-react": "^6.24.1",
      "css-loader": "^0.28.7",
      "extract-text-webpack-plugin": "^2.1.2",
      "file-loader": "^0.11.2",
      "style-loader": "^0.18.2",
      "uglifyjs-webpack-plugin": "^0.4.6",
      "webpack": "^3.6.0"
    }
  }

yarn manifest: 
  No manifest

Lockfile: 
  No lockfile

Trace: 
  Error: connect ECONNREFUSED 104.16.59.173:443
      at Object.exports._errnoException (util.js:1020:11)
      at exports._exceptionWithHostPort (util.js:1043:20)
      at TCPConnectWrap.afterConnect [as oncomplete] (net.js:1086:14)
